<?xml version="1.0" encoding="UTF-8"?>
<!-- Generated by org.testng.reporters.JUnitXMLReporter -->
<testsuite ignored="0" hostname="Users-Mac.local" failures="0" tests="1" name="Test" time="0.748" errors="0" timestamp="22 May 2020 09:12:56 GMT">
  <testcase classname="bdd.webMD.runner.WebMDTestRunner" name="@AfterClass generateExtendReport" time="0.047">
    <failure type="java.lang.NullPointerException">
      <![CDATA[java.lang.NullPointerException
at com.cucumber.listener.Reporter.loadXMLConfig(Reporter.java:66)
at bdd.webMD.runner.WebMDTestRunner.generateExtendReport(WebMDTestRunner.java:18)
... Removed 26 stack frames]]>
    </failure>
  </testcase> <!-- @AfterClass generateExtendReport -->
  <testcase classname="cucumber.api.testng.AbstractTestNGCucumberTests" name="@AfterClass tearDownClass" time="0.0">
    <skipped/>
  </testcase> <!-- @AfterClass tearDownClass -->
  <testcase classname="cucumber.api.testng.AbstractTestNGCucumberTests" name="feature" time="0.0">
    <skipped/>
  </testcase> <!-- feature -->
</testsuite> <!-- Test -->
