<?xml version="1.0" encoding="UTF-8"?>
<!-- Generated by org.testng.reporters.JUnitXMLReporter -->
<testsuite ignored="0" hostname="MACBOOKs-MacBook-Pro.local" failures="2" tests="11" name="Default test" time="89.93" errors="0" timestamp="23 May 2020 03:28:51 GMT">
  <testcase classname="cucumber.api.testng.AbstractTestNGCucumberTests" name="feature" time="9.768">
    <failure type="cucumber.runtime.CucumberException" message="java.lang.IllegalArgumentException: Keys to send should be a not null CharSequence">
      <![CDATA[cucumber.runtime.CucumberException: java.lang.IllegalArgumentException: Keys to send should be a not null CharSequence
at cucumber.api.testng.TestNGCucumberRunner.runCucumber(TestNGCucumberRunner.java:69)
at cucumber.api.testng.AbstractTestNGCucumberTests.feature(AbstractTestNGCucumberTests.java:21)
at java.base/jdk.internal.reflect.NativeMethodAccessorImpl.invoke0(Native Method)
at java.base/jdk.internal.reflect.NativeMethodAccessorImpl.invoke(NativeMethodAccessorImpl.java:62)
at java.base/jdk.internal.reflect.DelegatingMethodAccessorImpl.invoke(DelegatingMethodAccessorImpl.java:43)
at java.base/java.lang.reflect.Method.invoke(Method.java:564)
at org.testng.internal.MethodInvocationHelper.invokeMethod(MethodInvocationHelper.java:124)
at org.testng.internal.Invoker.invokeMethod(Invoker.java:583)
at org.testng.internal.Invoker.invokeTestMethod(Invoker.java:719)
at org.testng.internal.Invoker.invokeTestMethods(Invoker.java:989)
at org.testng.internal.TestMethodWorker.invokeTestMethods(TestMethodWorker.java:125)
at org.testng.internal.TestMethodWorker.run(TestMethodWorker.java:109)
at org.testng.TestRunner.privateRun(TestRunner.java:648)
at org.testng.TestRunner.run(TestRunner.java:505)
at org.testng.SuiteRunner.runTest(SuiteRunner.java:455)
at org.testng.SuiteRunner.runSequentially(SuiteRunner.java:450)
at org.testng.SuiteRunner.privateRun(SuiteRunner.java:415)
at org.testng.SuiteRunner.run(SuiteRunner.java:364)
at org.testng.SuiteRunnerWorker.runSuite(SuiteRunnerWorker.java:52)
at org.testng.SuiteRunnerWorker.run(SuiteRunnerWorker.java:84)
at org.testng.TestNG.runSuitesSequentially(TestNG.java:1208)
at org.testng.TestNG.runSuitesLocally(TestNG.java:1137)
at org.testng.TestNG.runSuites(TestNG.java:1049)
at org.testng.TestNG.run(TestNG.java:1017)
at org.testng.remote.AbstractRemoteTestNG.run(AbstractRemoteTestNG.java:115)
at org.testng.remote.RemoteTestNG.initAndRun(RemoteTestNG.java:251)
at org.testng.remote.RemoteTestNG.main(RemoteTestNG.java:77)
Caused by: java.lang.IllegalArgumentException: Keys to send should be a not null CharSequence
at org.openqa.selenium.remote.RemoteWebElement.sendKeys(RemoteWebElement.java:93)
at java.base/jdk.internal.reflect.NativeMethodAccessorImpl.invoke0(Native Method)
at java.base/jdk.internal.reflect.NativeMethodAccessorImpl.invoke(NativeMethodAccessorImpl.java:62)
at java.base/jdk.internal.reflect.DelegatingMethodAccessorImpl.invoke(DelegatingMethodAccessorImpl.java:43)
at java.base/java.lang.reflect.Method.invoke(Method.java:564)
at org.openqa.selenium.support.pagefactory.internal.LocatingElementHandler.invoke(LocatingElementHandler.java:51)
at com.sun.proxy.$Proxy24.sendKeys(Unknown Source)
at bdd.webMD.actionPage.WebMDSignUpActions.inputDateOfBirth(WebMDSignUpActions.java:35)
at bdd.webMD.stepDef.WebMDSignUpStepDef.user_input_valid_date_of_birth(WebMDSignUpStepDef.java:37)
at ✽.And user input valid date of birth "01/01/1992"(1_WebMDSignUp.feature:7)
]]>
    </failure>
  </testcase> <!-- feature -->
  <testcase classname="cucumber.api.testng.AbstractTestNGCucumberTests" name="feature" time="16.543">
    <failure type="cucumber.runtime.CucumberException" message="java.lang.AssertionError: expected [WebMD - Better Information. Better Health.] but found [WebMD - Better information. Better health.]">
      <![CDATA[cucumber.runtime.CucumberException: java.lang.AssertionError: expected [WebMD - Better Information. Better Health.] but found [WebMD - Better information. Better health.]
at cucumber.api.testng.TestNGCucumberRunner.runCucumber(TestNGCucumberRunner.java:69)
at cucumber.api.testng.AbstractTestNGCucumberTests.feature(AbstractTestNGCucumberTests.java:21)
at java.base/jdk.internal.reflect.NativeMethodAccessorImpl.invoke0(Native Method)
at java.base/jdk.internal.reflect.NativeMethodAccessorImpl.invoke(NativeMethodAccessorImpl.java:62)
at java.base/jdk.internal.reflect.DelegatingMethodAccessorImpl.invoke(DelegatingMethodAccessorImpl.java:43)
at java.base/java.lang.reflect.Method.invoke(Method.java:564)
at org.testng.internal.MethodInvocationHelper.invokeMethod(MethodInvocationHelper.java:124)
at org.testng.internal.Invoker.invokeMethod(Invoker.java:583)
at org.testng.internal.Invoker.invokeTestMethod(Invoker.java:719)
at org.testng.internal.Invoker.invokeTestMethods(Invoker.java:989)
at org.testng.internal.TestMethodWorker.invokeTestMethods(TestMethodWorker.java:125)
at org.testng.internal.TestMethodWorker.run(TestMethodWorker.java:109)
at org.testng.TestRunner.privateRun(TestRunner.java:648)
at org.testng.TestRunner.run(TestRunner.java:505)
at org.testng.SuiteRunner.runTest(SuiteRunner.java:455)
at org.testng.SuiteRunner.runSequentially(SuiteRunner.java:450)
at org.testng.SuiteRunner.privateRun(SuiteRunner.java:415)
at org.testng.SuiteRunner.run(SuiteRunner.java:364)
at org.testng.SuiteRunnerWorker.runSuite(SuiteRunnerWorker.java:52)
at org.testng.SuiteRunnerWorker.run(SuiteRunnerWorker.java:84)
at org.testng.TestNG.runSuitesSequentially(TestNG.java:1208)
at org.testng.TestNG.runSuitesLocally(TestNG.java:1137)
at org.testng.TestNG.runSuites(TestNG.java:1049)
at org.testng.TestNG.run(TestNG.java:1017)
at org.testng.remote.AbstractRemoteTestNG.run(AbstractRemoteTestNG.java:115)
at org.testng.remote.RemoteTestNG.initAndRun(RemoteTestNG.java:251)
at org.testng.remote.RemoteTestNG.main(RemoteTestNG.java:77)
Caused by: java.lang.AssertionError: expected [WebMD - Better Information. Better Health.] but found [WebMD - Better information. Better health.]
at org.testng.Assert.fail(Assert.java:96)
at org.testng.Assert.failNotEquals(Assert.java:776)
at org.testng.Assert.assertEqualsImpl(Assert.java:137)
at org.testng.Assert.assertEquals(Assert.java:118)
at org.testng.Assert.assertEquals(Assert.java:453)
at org.testng.Assert.assertEquals(Assert.java:463)
at bdd.webMD.stepDef.WebMDSignInStepDef.user_should_be_able_to_signin(WebMDSignInStepDef.java:61)
at ✽.Then User should be able to signin(2_WebMDSignIn.feature:17)
]]>
    </failure>
  </testcase> <!-- feature -->
  <testcase classname="cucumber.api.testng.AbstractTestNGCucumberTests" name="feature" time="9.637"/>
  <testcase classname="cucumber.api.testng.AbstractTestNGCucumberTests" name="feature" time="4.785"/>
  <testcase classname="cucumber.api.testng.AbstractTestNGCucumberTests" name="feature" time="2.065"/>
  <testcase classname="cucumber.api.testng.AbstractTestNGCucumberTests" name="feature" time="3.972"/>
  <testcase classname="cucumber.api.testng.AbstractTestNGCucumberTests" name="feature" time="17.799"/>
  <testcase classname="cucumber.api.testng.AbstractTestNGCucumberTests" name="feature" time="5.139"/>
  <testcase classname="cucumber.api.testng.AbstractTestNGCucumberTests" name="feature" time="3.693"/>
  <testcase classname="cucumber.api.testng.AbstractTestNGCucumberTests" name="feature" time="4.2"/>
  <testcase classname="cucumber.api.testng.AbstractTestNGCucumberTests" name="feature" time="11.292"/>
</testsuite> <!-- Default test -->
