<?xml version="1.0" encoding="UTF-8"?>
<testng-results ignored="0" total="11" passed="9" failed="2" skipped="0">
  <reporter-output>
  </reporter-output>
  <suite started-at="2020-05-23T03:27:16Z" name="Default suite" finished-at="2020-05-23T03:28:46Z" duration-ms="89930">
    <groups>
      <group name="cucumber">
        <method signature="AbstractTestNGCucumberTests.feature(cucumber.api.testng.CucumberFeatureWrapper)[pri:0, instance:bdd.webMD.runner.WebMDTestRunner@626abbd0]" name="feature" class="cucumber.api.testng.AbstractTestNGCucumberTests"/>
      </group> <!-- cucumber -->
    </groups>
    <test started-at="2020-05-23T03:27:16Z" name="Default test" finished-at="2020-05-23T03:28:46Z" duration-ms="89930">
      <class name="bdd.webMD.runner.WebMDTestRunner">
        <test-method is-config="true" signature="setUpClass()[pri:0, instance:bdd.webMD.runner.WebMDTestRunner@626abbd0]" started-at="2020-05-23T03:27:16Z" name="setUpClass" finished-at="2020-05-23T03:27:16Z" duration-ms="222" status="PASS">
          <reporter-output>
          </reporter-output>
        </test-method> <!-- setUpClass -->
        <test-method signature="feature(cucumber.api.testng.CucumberFeatureWrapper)[pri:0, instance:bdd.webMD.runner.WebMDTestRunner@626abbd0]" started-at="2020-05-23T03:27:16Z" name="feature" description="Runs Cucumber Feature" data-provider="features" finished-at="2020-05-23T03:27:26Z" duration-ms="9768" status="FAIL">
          <params>
            <param index="0">
              <value>
                <![CDATA[Webmd signup feature]]>
              </value>
            </param>
          </params>
          <exception class="cucumber.runtime.CucumberException">
            <message>
              <![CDATA[java.lang.IllegalArgumentException: Keys to send should be a not null CharSequence]]>
            </message>
            <full-stacktrace>
              <![CDATA[cucumber.runtime.CucumberException: java.lang.IllegalArgumentException: Keys to send should be a not null CharSequence
at cucumber.api.testng.TestNGCucumberRunner.runCucumber(TestNGCucumberRunner.java:69)
at cucumber.api.testng.AbstractTestNGCucumberTests.feature(AbstractTestNGCucumberTests.java:21)
at java.base/jdk.internal.reflect.NativeMethodAccessorImpl.invoke0(Native Method)
at java.base/jdk.internal.reflect.NativeMethodAccessorImpl.invoke(NativeMethodAccessorImpl.java:62)
at java.base/jdk.internal.reflect.DelegatingMethodAccessorImpl.invoke(DelegatingMethodAccessorImpl.java:43)
at java.base/java.lang.reflect.Method.invoke(Method.java:564)
at org.testng.internal.MethodInvocationHelper.invokeMethod(MethodInvocationHelper.java:124)
at org.testng.internal.Invoker.invokeMethod(Invoker.java:583)
at org.testng.internal.Invoker.invokeTestMethod(Invoker.java:719)
at org.testng.internal.Invoker.invokeTestMethods(Invoker.java:989)
at org.testng.internal.TestMethodWorker.invokeTestMethods(TestMethodWorker.java:125)
at org.testng.internal.TestMethodWorker.run(TestMethodWorker.java:109)
at org.testng.TestRunner.privateRun(TestRunner.java:648)
at org.testng.TestRunner.run(TestRunner.java:505)
at org.testng.SuiteRunner.runTest(SuiteRunner.java:455)
at org.testng.SuiteRunner.runSequentially(SuiteRunner.java:450)
at org.testng.SuiteRunner.privateRun(SuiteRunner.java:415)
at org.testng.SuiteRunner.run(SuiteRunner.java:364)
at org.testng.SuiteRunnerWorker.runSuite(SuiteRunnerWorker.java:52)
at org.testng.SuiteRunnerWorker.run(SuiteRunnerWorker.java:84)
at org.testng.TestNG.runSuitesSequentially(TestNG.java:1208)
at org.testng.TestNG.runSuitesLocally(TestNG.java:1137)
at org.testng.TestNG.runSuites(TestNG.java:1049)
at org.testng.TestNG.run(TestNG.java:1017)
at org.testng.remote.AbstractRemoteTestNG.run(AbstractRemoteTestNG.java:115)
at org.testng.remote.RemoteTestNG.initAndRun(RemoteTestNG.java:251)
at org.testng.remote.RemoteTestNG.main(RemoteTestNG.java:77)
Caused by: java.lang.IllegalArgumentException: Keys to send should be a not null CharSequence
at org.openqa.selenium.remote.RemoteWebElement.sendKeys(RemoteWebElement.java:93)
at java.base/jdk.internal.reflect.NativeMethodAccessorImpl.invoke0(Native Method)
at java.base/jdk.internal.reflect.NativeMethodAccessorImpl.invoke(NativeMethodAccessorImpl.java:62)
at java.base/jdk.internal.reflect.DelegatingMethodAccessorImpl.invoke(DelegatingMethodAccessorImpl.java:43)
at java.base/java.lang.reflect.Method.invoke(Method.java:564)
at org.openqa.selenium.support.pagefactory.internal.LocatingElementHandler.invoke(LocatingElementHandler.java:51)
at com.sun.proxy.$Proxy24.sendKeys(Unknown Source)
at bdd.webMD.actionPage.WebMDSignUpActions.inputDateOfBirth(WebMDSignUpActions.java:35)
at bdd.webMD.stepDef.WebMDSignUpStepDef.user_input_valid_date_of_birth(WebMDSignUpStepDef.java:37)
at ✽.And user input valid date of birth "01/01/1992"(1_WebMDSignUp.feature:7)
]]>
            </full-stacktrace>
          </exception> <!-- cucumber.runtime.CucumberException -->
          <reporter-output>
          </reporter-output>
        </test-method> <!-- feature -->
        <test-method signature="feature(cucumber.api.testng.CucumberFeatureWrapper)[pri:0, instance:bdd.webMD.runner.WebMDTestRunner@626abbd0]" started-at="2020-05-23T03:27:26Z" name="feature" description="Runs Cucumber Feature" data-provider="features" finished-at="2020-05-23T03:27:43Z" duration-ms="16543" status="FAIL">
          <params>
            <param index="0">
              <value>
                <![CDATA[WebMd login feature]]>
              </value>
            </param>
          </params>
          <exception class="cucumber.runtime.CucumberException">
            <message>
              <![CDATA[java.lang.AssertionError: expected [WebMD - Better Information. Better Health.] but found [WebMD - Better information. Better health.]]]>
            </message>
            <full-stacktrace>
              <![CDATA[cucumber.runtime.CucumberException: java.lang.AssertionError: expected [WebMD - Better Information. Better Health.] but found [WebMD - Better information. Better health.]
at cucumber.api.testng.TestNGCucumberRunner.runCucumber(TestNGCucumberRunner.java:69)
at cucumber.api.testng.AbstractTestNGCucumberTests.feature(AbstractTestNGCucumberTests.java:21)
at java.base/jdk.internal.reflect.NativeMethodAccessorImpl.invoke0(Native Method)
at java.base/jdk.internal.reflect.NativeMethodAccessorImpl.invoke(NativeMethodAccessorImpl.java:62)
at java.base/jdk.internal.reflect.DelegatingMethodAccessorImpl.invoke(DelegatingMethodAccessorImpl.java:43)
at java.base/java.lang.reflect.Method.invoke(Method.java:564)
at org.testng.internal.MethodInvocationHelper.invokeMethod(MethodInvocationHelper.java:124)
at org.testng.internal.Invoker.invokeMethod(Invoker.java:583)
at org.testng.internal.Invoker.invokeTestMethod(Invoker.java:719)
at org.testng.internal.Invoker.invokeTestMethods(Invoker.java:989)
at org.testng.internal.TestMethodWorker.invokeTestMethods(TestMethodWorker.java:125)
at org.testng.internal.TestMethodWorker.run(TestMethodWorker.java:109)
at org.testng.TestRunner.privateRun(TestRunner.java:648)
at org.testng.TestRunner.run(TestRunner.java:505)
at org.testng.SuiteRunner.runTest(SuiteRunner.java:455)
at org.testng.SuiteRunner.runSequentially(SuiteRunner.java:450)
at org.testng.SuiteRunner.privateRun(SuiteRunner.java:415)
at org.testng.SuiteRunner.run(SuiteRunner.java:364)
at org.testng.SuiteRunnerWorker.runSuite(SuiteRunnerWorker.java:52)
at org.testng.SuiteRunnerWorker.run(SuiteRunnerWorker.java:84)
at org.testng.TestNG.runSuitesSequentially(TestNG.java:1208)
at org.testng.TestNG.runSuitesLocally(TestNG.java:1137)
at org.testng.TestNG.runSuites(TestNG.java:1049)
at org.testng.TestNG.run(TestNG.java:1017)
at org.testng.remote.AbstractRemoteTestNG.run(AbstractRemoteTestNG.java:115)
at org.testng.remote.RemoteTestNG.initAndRun(RemoteTestNG.java:251)
at org.testng.remote.RemoteTestNG.main(RemoteTestNG.java:77)
Caused by: java.lang.AssertionError: expected [WebMD - Better Information. Better Health.] but found [WebMD - Better information. Better health.]
at org.testng.Assert.fail(Assert.java:96)
at org.testng.Assert.failNotEquals(Assert.java:776)
at org.testng.Assert.assertEqualsImpl(Assert.java:137)
at org.testng.Assert.assertEquals(Assert.java:118)
at org.testng.Assert.assertEquals(Assert.java:453)
at org.testng.Assert.assertEquals(Assert.java:463)
at bdd.webMD.stepDef.WebMDSignInStepDef.user_should_be_able_to_signin(WebMDSignInStepDef.java:61)
at ✽.Then User should be able to signin(2_WebMDSignIn.feature:17)
]]>
            </full-stacktrace>
          </exception> <!-- cucumber.runtime.CucumberException -->
          <reporter-output>
          </reporter-output>
        </test-method> <!-- feature -->
        <test-method signature="feature(cucumber.api.testng.CucumberFeatureWrapper)[pri:0, instance:bdd.webMD.runner.WebMDTestRunner@626abbd0]" started-at="2020-05-23T03:27:43Z" name="feature" description="Runs Cucumber Feature" data-provider="features" finished-at="2020-05-23T03:27:52Z" duration-ms="9637" status="PASS">
          <params>
            <param index="0">
              <value>
                <![CDATA[WebMD Find Doctor Feature]]>
              </value>
            </param>
          </params>
          <reporter-output>
          </reporter-output>
        </test-method> <!-- feature -->
        <test-method signature="feature(cucumber.api.testng.CucumberFeatureWrapper)[pri:0, instance:bdd.webMD.runner.WebMDTestRunner@626abbd0]" started-at="2020-05-23T03:27:52Z" name="feature" description="Runs Cucumber Feature" data-provider="features" finished-at="2020-05-23T03:27:57Z" duration-ms="4785" status="PASS">
          <params>
            <param index="0">
              <value>
                <![CDATA[WebMD BMI Calculator Feature]]>
              </value>
            </param>
          </params>
          <reporter-output>
          </reporter-output>
        </test-method> <!-- feature -->
        <test-method signature="feature(cucumber.api.testng.CucumberFeatureWrapper)[pri:0, instance:bdd.webMD.runner.WebMDTestRunner@626abbd0]" started-at="2020-05-23T03:27:57Z" name="feature" description="Runs Cucumber Feature" data-provider="features" finished-at="2020-05-23T03:27:59Z" duration-ms="2065" status="PASS">
          <params>
            <param index="0">
              <value>
                <![CDATA[Webmd dropdown feature]]>
              </value>
            </param>
          </params>
          <reporter-output>
          </reporter-output>
        </test-method> <!-- feature -->
        <test-method signature="feature(cucumber.api.testng.CucumberFeatureWrapper)[pri:0, instance:bdd.webMD.runner.WebMDTestRunner@626abbd0]" started-at="2020-05-23T03:27:59Z" name="feature" description="Runs Cucumber Feature" data-provider="features" finished-at="2020-05-23T03:28:03Z" duration-ms="3972" status="PASS">
          <params>
            <param index="0">
              <value>
                <![CDATA[WebMD Homepage Validation Fetures]]>
              </value>
            </param>
          </params>
          <reporter-output>
          </reporter-output>
        </test-method> <!-- feature -->
        <test-method signature="feature(cucumber.api.testng.CucumberFeatureWrapper)[pri:0, instance:bdd.webMD.runner.WebMDTestRunner@626abbd0]" started-at="2020-05-23T03:28:03Z" name="feature" description="Runs Cucumber Feature" data-provider="features" finished-at="2020-05-23T03:28:21Z" duration-ms="17799" status="PASS">
          <params>
            <param index="0">
              <value>
                <![CDATA[WebMD Connect with Social Media Feature]]>
              </value>
            </param>
          </params>
          <reporter-output>
          </reporter-output>
        </test-method> <!-- feature -->
        <test-method signature="feature(cucumber.api.testng.CucumberFeatureWrapper)[pri:0, instance:bdd.webMD.runner.WebMDTestRunner@626abbd0]" started-at="2020-05-23T03:28:21Z" name="feature" description="Runs Cucumber Feature" data-provider="features" finished-at="2020-05-23T03:28:26Z" duration-ms="5139" status="PASS">
          <params>
            <param index="0">
              <value>
                <![CDATA[WebMD Coronavirus Update Using Map Feature]]>
              </value>
            </param>
          </params>
          <reporter-output>
          </reporter-output>
        </test-method> <!-- feature -->
        <test-method signature="feature(cucumber.api.testng.CucumberFeatureWrapper)[pri:0, instance:bdd.webMD.runner.WebMDTestRunner@626abbd0]" started-at="2020-05-23T03:28:26Z" name="feature" description="Runs Cucumber Feature" data-provider="features" finished-at="2020-05-23T03:28:30Z" duration-ms="3693" status="PASS">
          <params>
            <param index="0">
              <value>
                <![CDATA[WebMD Medicine Price Low to High Feature]]>
              </value>
            </param>
          </params>
          <reporter-output>
          </reporter-output>
        </test-method> <!-- feature -->
        <test-method signature="feature(cucumber.api.testng.CucumberFeatureWrapper)[pri:0, instance:bdd.webMD.runner.WebMDTestRunner@626abbd0]" started-at="2020-05-23T03:28:30Z" name="feature" description="Runs Cucumber Feature" data-provider="features" finished-at="2020-05-23T03:28:34Z" duration-ms="4200" status="PASS">
          <params>
            <param index="0">
              <value>
                <![CDATA[WebMD Search Engine Feature]]>
              </value>
            </param>
          </params>
          <reporter-output>
          </reporter-output>
        </test-method> <!-- feature -->
        <test-method signature="feature(cucumber.api.testng.CucumberFeatureWrapper)[pri:0, instance:bdd.webMD.runner.WebMDTestRunner@626abbd0]" started-at="2020-05-23T03:28:34Z" name="feature" description="Runs Cucumber Feature" data-provider="features" finished-at="2020-05-23T03:28:45Z" duration-ms="11292" status="PASS">
          <params>
            <param index="0">
              <value>
                <![CDATA[WebMD User Symptoms Checker Feature]]>
              </value>
            </param>
          </params>
          <reporter-output>
          </reporter-output>
        </test-method> <!-- feature -->
        <test-method is-config="true" signature="generateExtendReport()[pri:0, instance:bdd.webMD.runner.WebMDTestRunner@626abbd0]" started-at="2020-05-23T03:28:45Z" name="generateExtendReport" finished-at="2020-05-23T03:28:45Z" duration-ms="41" status="PASS">
          <reporter-output>
          </reporter-output>
        </test-method> <!-- generateExtendReport -->
        <test-method is-config="true" signature="tearDownClass()[pri:0, instance:bdd.webMD.runner.WebMDTestRunner@626abbd0]" started-at="2020-05-23T03:28:45Z" name="tearDownClass" finished-at="2020-05-23T03:28:46Z" duration-ms="602" status="PASS">
          <reporter-output>
          </reporter-output>
        </test-method> <!-- tearDownClass -->
      </class> <!-- bdd.webMD.runner.WebMDTestRunner -->
    </test> <!-- Default test -->
  </suite> <!-- Default suite -->
</testng-results>
